<?xml version="1.0" encoding="UTF-8"?>
<testsuite xmlns:xsi="http://www.w3.org/2001/XMLSchema-instance" xsi:noNamespaceSchemaLocation="https://maven.apache.org/surefire/maven-surefire-plugin/xsd/surefire-test-report.xsd" name="MyTest" time="0.029" tests="21" errors="0" skipped="0" failures="0">
  <properties>
[...]
</properties>
  <testcase name="testCardConstructor" classname="MyTest" time="0.009"/>
  <testcase name="generateDeckTest" classname="MyTest" time="0.001"/>
  <testcase name="testEvaluateBankerDrawShouldDraw" classname="MyTest" time="0.001"/>
  <testcase name="testSizeAfterDraw" classname="MyTest" time="0"/>
  <testcase name="testEvaluateWinningsPlayerWins" classname="MyTest" time="0.005"/>
  <testcase name="testEvaluatePlayerDrawShouldNotDraw" classname="MyTest" time="0.001"/>
  <testcase name="testDealHandEmptyDeck" classname="MyTest" time="0"/>
  <testcase name="testHandTotalNoFaceCards" classname="MyTest" time="0"/>
  <testcase name="testShuffleDeckPreservesDeckSize" classname="MyTest" time="0"/>
  <testcase name="testEvaluateBankerDrawShouldNotDraw" classname="MyTest" time="0.001"/>
  <testcase name="testWhoWonBankerWins" classname="MyTest" time="0"/>
  <testcase name="generateDeckTestMultiple" classname="MyTest" time="0"/>
  <testcase name="drawOneNoCardsLeftTest" classname="MyTest" time="0.001"/>
  <testcase name="testHandTotalWithFaceCards" classname="MyTest" time="0"/>
  <testcase name="testDeckSize" classname="MyTest" time="0"/>
  <testcase name="testShuffleDeckChangesOrder" classname="MyTest" time="0"/>
  <testcase name="testWhoWonPlayerWins" classname="MyTest" time="0"/>
  <testcase name="testEvaluateWinningsNoWin" classname="MyTest" time="0"/>
  <testcase name="dealerHandTest" classname="MyTest" time="0"/>
  <testcase name="testEvaluatePlayerDrawShouldDraw" classname="MyTest" time="0"/>
  <testcase name="drawOneTest" classname="MyTest" time="0"/>
</testsuite>